ISim log file
Running: C:\Users\omara\OneDrive\Escritorio\Examen\Motor_A_Pasos\Motor_A_Pasos_isim_beh.exe -intstyle ise -gui -tclbatch isim.cmd -wdb C:/Users/omara/OneDrive/Escritorio/Examen/Motor_A_Pasos/Motor_A_Pasos_isim_beh.wdb 
INFO: There is another simulation running in the same directory. Using database file name isim1.wdb.
ISim P.20131013 (signature 0x7708f090)
WARNING: A WEBPACK license was found.
WARNING: Please use Xilinx License Configuration Manager to check out a full ISim license.
WARNING: ISim will run in Lite mode. Please refer to the ISim documentation for more information on the differences between the Lite and the Full version.
This is a Lite version of ISim.
Time resolution is 1 ps
# onerror resume
# wave add /
# run 1000 ns
Simulator is doing circuit initialization process.
Finished circuit initialization process.
# isim force add /motor_a_pasos/clk 1 -radix bin -value 0 -radix bin -time 500 ns -repeat 1 us
# isim force add /motor_a_pasos/clk 1 -radix bin -value 0 -radix bin -time 500 ns -repeat 1 us
# isim force add /motor_a_pasos/sec 10 -radix bin -value 00 -radix bin -time 500 ns -repeat 1 us
# isim force add /motor_a_pasos/sec 10 -radix bin -value 00 -radix bin -time 500 ns -repeat 1 us
# run 10.00us
# isim force remove /motor_a_pasos/clk
# run 10.00us
# isim force remove /motor_a_pasos/sec
# isim force add /motor_a_pasos/sec 11 -radix bin
# isim force add /motor_a_pasos/sec 11 -radix bin
# isim force add /motor_a_pasos/clk 1 -radix bin
# isim force add /motor_a_pasos/clk 1 -radix bin
# isim force add /motor_a_pasos/sec 01 -radix bin
# isim force add /motor_a_pasos/sec 01 -radix bin
# run 10.00us
# isim force remove /motor_a_pasos/clk
# isim force add /motor_a_pasos/clk 1 -radix bin -value 0 -radix bin -time 500 ns -repeat 1 us
# isim force add /motor_a_pasos/clk 1 -radix bin -value 0 -radix bin -time 500 ns -repeat 1 us
# isim force add /motor_a_pasos/clk 1 -radix bin -value 0 -radix bin -time 500 ns -repeat 1 us
# run 10.00us
# isim force add /motor_a_pasos/sec 00 -radix bin
# isim force add /motor_a_pasos/sec 00 -radix bin
# run 10.00us
# isim force add /motor_a_pasos/sec 01 -radix bin
# isim force add /motor_a_pasos/sec 01 -radix bin
# run 10.00us
# isim force add /motor_a_pasos/sec 10 -radix bin
# run 10.00us
